<?xml version="1.0" encoding="UTF-8"?>
<testsuite name="com.healthcheck.controller.CountriesControllerTests" tests="3" skipped="0" failures="0" errors="0" timestamp="2020-09-24T11:47:46" hostname="DESKTOP-RFMOSLD" time="2.587">
  <properties/>
  <testcase name="testGetCountryByCodeStatus" classname="com.healthcheck.controller.CountriesControllerTests" time="1.816"/>
  <testcase name="testGetCountryByCodeOK" classname="com.healthcheck.controller.CountriesControllerTests" time="0.696"/>
  <testcase name="testGetCountryByCodeMessage" classname="com.healthcheck.controller.CountriesControllerTests" time="0.067"/>
  <system-out><![CDATA[13:47:16.339 [Test worker] DEBUG org.springframework.test.context.junit4.SpringJUnit4ClassRunner - SpringJUnit4ClassRunner constructor called with [class com.healthcheck.controller.CountriesControllerTests]
13:47:16.399 [Test worker] DEBUG org.springframework.test.context.BootstrapUtils - Instantiating CacheAwareContextLoaderDelegate from class [org.springframework.test.context.cache.DefaultCacheAwareContextLoaderDelegate]
13:47:16.482 [Test worker] DEBUG org.springframework.test.context.BootstrapUtils - Instantiating BootstrapContext using constructor [public org.springframework.test.context.support.DefaultBootstrapContext(java.lang.Class,org.springframework.test.context.CacheAwareContextLoaderDelegate)]
13:47:16.830 [Test worker] DEBUG org.springframework.test.context.BootstrapUtils - Instantiating TestContextBootstrapper for test class [com.healthcheck.controller.CountriesControllerTests] from class [org.springframework.boot.test.context.SpringBootTestContextBootstrapper]
13:47:16.927 [Test worker] INFO org.springframework.boot.test.context.SpringBootTestContextBootstrapper - Neither @ContextConfiguration nor @ContextHierarchy found for test class [com.healthcheck.controller.CountriesControllerTests], using SpringBootContextLoader
13:47:16.954 [Test worker] DEBUG org.springframework.test.context.support.AbstractContextLoader - Did not detect default resource location for test class [com.healthcheck.controller.CountriesControllerTests]: class path resource [com/healthcheck/controller/CountriesControllerTests-context.xml] does not exist
13:47:16.955 [Test worker] DEBUG org.springframework.test.context.support.AbstractContextLoader - Did not detect default resource location for test class [com.healthcheck.controller.CountriesControllerTests]: class path resource [com/healthcheck/controller/CountriesControllerTestsContext.groovy] does not exist
13:47:16.957 [Test worker] INFO org.springframework.test.context.support.AbstractContextLoader - Could not detect default resource locations for test class [com.healthcheck.controller.CountriesControllerTests]: no resource found for suffixes {-context.xml, Context.groovy}.
13:47:16.959 [Test worker] INFO org.springframework.test.context.support.AnnotationConfigContextLoaderUtils - Could not detect default configuration classes for test class [com.healthcheck.controller.CountriesControllerTests]: CountriesControllerTests does not declare any static, non-private, non-final, nested classes annotated with @Configuration.
13:47:17.295 [Test worker] DEBUG org.springframework.test.context.support.ActiveProfilesUtils - Could not find an 'annotation declaring class' for annotation type [org.springframework.test.context.ActiveProfiles] and class [com.healthcheck.controller.CountriesControllerTests]
13:47:17.705 [Test worker] DEBUG org.springframework.context.annotation.ClassPathScanningCandidateComponentProvider - Identified candidate component class: file [D:\Shaima\gs-spring-boot-docker-master\healthcheck-application\build\classes\java\main\com\healthcheck\Application.class]
13:47:17.713 [Test worker] INFO org.springframework.boot.test.context.SpringBootTestContextBootstrapper - Found @SpringBootConfiguration com.healthcheck.Application for test class com.healthcheck.controller.CountriesControllerTests
13:47:18.429 [Test worker] DEBUG org.springframework.boot.test.context.SpringBootTestContextBootstrapper - @TestExecutionListeners is not present for class [com.healthcheck.controller.CountriesControllerTests]: using defaults.
13:47:18.433 [Test worker] INFO org.springframework.boot.test.context.SpringBootTestContextBootstrapper - Loaded default TestExecutionListener class names from location [META-INF/spring.factories]: [org.springframework.boot.test.autoconfigure.restdocs.RestDocsTestExecutionListener, org.springframework.boot.test.autoconfigure.web.client.MockRestServiceServerResetTestExecutionListener, org.springframework.boot.test.autoconfigure.web.servlet.MockMvcPrintOnlyOnFailureTestExecutionListener, org.springframework.boot.test.autoconfigure.web.servlet.WebDriverTestExecutionListener, org.springframework.boot.test.autoconfigure.webservices.client.MockWebServiceServerTestExecutionListener, org.springframework.boot.test.mock.mockito.MockitoTestExecutionListener, org.springframework.boot.test.mock.mockito.ResetMocksTestExecutionListener, org.springframework.test.context.web.ServletTestExecutionListener, org.springframework.test.context.support.DirtiesContextBeforeModesTestExecutionListener, org.springframework.test.context.support.DependencyInjectionTestExecutionListener, org.springframework.test.context.support.DirtiesContextTestExecutionListener, org.springframework.test.context.transaction.TransactionalTestExecutionListener, org.springframework.test.context.jdbc.SqlScriptsTestExecutionListener, org.springframework.test.context.event.EventPublishingTestExecutionListener]
13:47:18.569 [Test worker] INFO org.springframework.boot.test.context.SpringBootTestContextBootstrapper - Using TestExecutionListeners: [org.springframework.test.context.web.ServletTestExecutionListener@80a6b9, org.springframework.test.context.support.DirtiesContextBeforeModesTestExecutionListener@487b7ca7, org.springframework.boot.test.mock.mockito.MockitoTestExecutionListener@12fedf01, org.springframework.boot.test.autoconfigure.SpringBootDependencyInjectionTestExecutionListener@17e8d90f, org.springframework.test.context.support.DirtiesContextTestExecutionListener@12581025, org.springframework.test.context.transaction.TransactionalTestExecutionListener@155d88d, org.springframework.test.context.jdbc.SqlScriptsTestExecutionListener@65370971, org.springframework.test.context.event.EventPublishingTestExecutionListener@34c68479, org.springframework.boot.test.autoconfigure.restdocs.RestDocsTestExecutionListener@664d73fc, org.springframework.boot.test.autoconfigure.web.client.MockRestServiceServerResetTestExecutionListener@49734e08, org.springframework.boot.test.autoconfigure.web.servlet.MockMvcPrintOnlyOnFailureTestExecutionListener@14d2bad6, org.springframework.boot.test.autoconfigure.web.servlet.WebDriverTestExecutionListener@14b70179, org.springframework.boot.test.autoconfigure.webservices.client.MockWebServiceServerTestExecutionListener@19e84280, org.springframework.boot.test.mock.mockito.ResetMocksTestExecutionListener@4a385cbb]
13:47:18.586 [Test worker] DEBUG org.springframework.test.annotation.ProfileValueUtils - Retrieved @ProfileValueSourceConfiguration [null] for test class [com.healthcheck.controller.CountriesControllerTests]
13:47:18.627 [Test worker] DEBUG org.springframework.test.annotation.ProfileValueUtils - Retrieved ProfileValueSource type [class org.springframework.test.annotation.SystemProfileValueSource] for class [com.healthcheck.controller.CountriesControllerTests]
13:47:18.650 [Test worker] DEBUG org.springframework.test.annotation.ProfileValueUtils - Retrieved @ProfileValueSourceConfiguration [null] for test class [com.healthcheck.controller.CountriesControllerTests]
13:47:18.651 [Test worker] DEBUG org.springframework.test.annotation.ProfileValueUtils - Retrieved ProfileValueSource type [class org.springframework.test.annotation.SystemProfileValueSource] for class [com.healthcheck.controller.CountriesControllerTests]
13:47:18.659 [Test worker] DEBUG org.springframework.test.annotation.ProfileValueUtils - Retrieved @ProfileValueSourceConfiguration [null] for test class [com.healthcheck.controller.CountriesControllerTests]
13:47:18.660 [Test worker] DEBUG org.springframework.test.annotation.ProfileValueUtils - Retrieved ProfileValueSource type [class org.springframework.test.annotation.SystemProfileValueSource] for class [com.healthcheck.controller.CountriesControllerTests]
13:47:18.666 [Test worker] DEBUG org.springframework.test.annotation.ProfileValueUtils - Retrieved @ProfileValueSourceConfiguration [null] for test class [com.healthcheck.controller.CountriesControllerTests]
13:47:18.668 [Test worker] DEBUG org.springframework.test.annotation.ProfileValueUtils - Retrieved ProfileValueSource type [class org.springframework.test.annotation.SystemProfileValueSource] for class [com.healthcheck.controller.CountriesControllerTests]
13:47:18.729 [Test worker] DEBUG org.springframework.test.context.support.AbstractDirtiesContextTestExecutionListener - Before test class: context [DefaultTestContext@1876414d testClass = CountriesControllerTests, testInstance = [null], testMethod = [null], testException = [null], mergedContextConfiguration = [WebMergedContextConfiguration@27bf0e97 testClass = CountriesControllerTests, locations = '{}', classes = '{class com.healthcheck.Application}', contextInitializerClasses = '[]', activeProfiles = '{}', propertySourceLocations = '{}', propertySourceProperties = '{org.springframework.boot.test.context.SpringBootTestContextBootstrapper=true, server.port=0}', contextCustomizers = set[org.springframework.boot.test.autoconfigure.properties.PropertyMappingContextCustomizer@4b3fa0b3, org.springframework.boot.test.autoconfigure.web.servlet.WebDriverContextCustomizerFactory$Customizer@77553b89, [ImportsContextCustomizer@7d0e2053 key = [org.springframework.boot.test.autoconfigure.web.servlet.MockMvcAutoConfiguration, org.springframework.boot.test.autoconfigure.web.servlet.MockMvcWebClientAutoConfiguration, org.springframework.boot.test.autoconfigure.web.servlet.MockMvcWebDriverAutoConfiguration, org.springframework.boot.autoconfigure.security.oauth2.client.servlet.OAuth2ClientAutoConfiguration, org.springframework.boot.autoconfigure.security.oauth2.resource.servlet.OAuth2ResourceServerAutoConfiguration, org.springframework.boot.autoconfigure.security.servlet.SecurityAutoConfiguration, org.springframework.boot.autoconfigure.security.servlet.UserDetailsServiceAutoConfiguration, org.springframework.boot.test.autoconfigure.web.servlet.MockMvcSecurityConfiguration]], org.springframework.boot.test.context.filter.ExcludeFilterContextCustomizer@18591edc, org.springframework.boot.test.json.DuplicateJsonObjectContextCustomizerFactory$DuplicateJsonObjectContextCustomizer@25921506, org.springframework.boot.test.mock.mockito.MockitoContextCustomizer@0, org.springframework.boot.test.web.client.TestRestTemplateContextCustomizer@4316e59f, org.springframework.boot.test.context.SpringBootTestArgs@1], resourceBasePath = 'src/main/webapp', contextLoader = 'org.springframework.boot.test.context.SpringBootContextLoader', parent = [null]], attributes = map['org.springframework.test.context.web.ServletTestExecutionListener.activateListener' -> false]], class annotated with @DirtiesContext [false] with mode [null].
13:47:18.745 [Test worker] DEBUG org.springframework.test.annotation.ProfileValueUtils - Retrieved @ProfileValueSourceConfiguration [null] for test class [com.healthcheck.controller.CountriesControllerTests]
13:47:18.746 [Test worker] DEBUG org.springframework.test.annotation.ProfileValueUtils - Retrieved ProfileValueSource type [class org.springframework.test.annotation.SystemProfileValueSource] for class [com.healthcheck.controller.CountriesControllerTests]
13:47:18.815 [Test worker] DEBUG org.springframework.test.context.support.DependencyInjectionTestExecutionListener - Performing dependency injection for test context [[DefaultTestContext@1876414d testClass = CountriesControllerTests, testInstance = com.healthcheck.controller.CountriesControllerTests@11d17ea3, testMethod = [null], testException = [null], mergedContextConfiguration = [WebMergedContextConfiguration@27bf0e97 testClass = CountriesControllerTests, locations = '{}', classes = '{class com.healthcheck.Application}', contextInitializerClasses = '[]', activeProfiles = '{}', propertySourceLocations = '{}', propertySourceProperties = '{org.springframework.boot.test.context.SpringBootTestContextBootstrapper=true, server.port=0}', contextCustomizers = set[org.springframework.boot.test.autoconfigure.properties.PropertyMappingContextCustomizer@4b3fa0b3, org.springframework.boot.test.autoconfigure.web.servlet.WebDriverContextCustomizerFactory$Customizer@77553b89, [ImportsContextCustomizer@7d0e2053 key = [org.springframework.boot.test.autoconfigure.web.servlet.MockMvcAutoConfiguration, org.springframework.boot.test.autoconfigure.web.servlet.MockMvcWebClientAutoConfiguration, org.springframework.boot.test.autoconfigure.web.servlet.MockMvcWebDriverAutoConfiguration, org.springframework.boot.autoconfigure.security.oauth2.client.servlet.OAuth2ClientAutoConfiguration, org.springframework.boot.autoconfigure.security.oauth2.resource.servlet.OAuth2ResourceServerAutoConfiguration, org.springframework.boot.autoconfigure.security.servlet.SecurityAutoConfiguration, org.springframework.boot.autoconfigure.security.servlet.UserDetailsServiceAutoConfiguration, org.springframework.boot.test.autoconfigure.web.servlet.MockMvcSecurityConfiguration]], org.springframework.boot.test.context.filter.ExcludeFilterContextCustomizer@18591edc, org.springframework.boot.test.json.DuplicateJsonObjectContextCustomizerFactory$DuplicateJsonObjectContextCustomizer@25921506, org.springframework.boot.test.mock.mockito.MockitoContextCustomizer@0, org.springframework.boot.test.web.client.TestRestTemplateContextCustomizer@4316e59f, org.springframework.boot.test.context.SpringBootTestArgs@1], resourceBasePath = 'src/main/webapp', contextLoader = 'org.springframework.boot.test.context.SpringBootContextLoader', parent = [null]], attributes = map['org.springframework.test.context.web.ServletTestExecutionListener.activateListener' -> false]]].
13:47:18.979 [Test worker] DEBUG org.springframework.test.context.support.TestPropertySourceUtils - Adding inlined properties to environment: {spring.jmx.enabled=false, org.springframework.boot.test.context.SpringBootTestContextBootstrapper=true, server.port=0}

  .   ____          _            __ _ _
 /\\ / ___'_ __ _ _(_)_ __  __ _ \ \ \ \
( ( )\___ | '_ | '_| | '_ \/ _` | \ \ \ \
 \\/  ___)| |_)| | | | | || (_| |  ) ) ) )
  '  |____| .__|_| |_|_| |_\__, | / / / /
 =========|_|==============|___/=/_/_/_/
 :: Spring Boot ::        (v2.3.0.RELEASE)

2020-09-24 13:47:21.107  INFO 11732 --- [    Test worker] c.h.controller.CountriesControllerTests  : Starting CountriesControllerTests on DESKTOP-RFMOSLD with PID 11732 (started by Ahmed in D:\Shaima\gs-spring-boot-docker-master\healthcheck-application)
2020-09-24 13:47:21.115  INFO 11732 --- [    Test worker] c.h.controller.CountriesControllerTests  : No active profile set, falling back to default profiles: default
2020-09-24 13:47:23.843  INFO 11732 --- [    Test worker] .s.d.r.c.RepositoryConfigurationDelegate : Bootstrapping Spring Data JPA repositories in DEFERRED mode.
2020-09-24 13:47:24.122  INFO 11732 --- [    Test worker] .s.d.r.c.RepositoryConfigurationDelegate : Finished Spring Data repository scanning in 247ms. Found 2 JPA repository interfaces.
2020-09-24 13:47:27.872  INFO 11732 --- [    Test worker] o.s.b.w.embedded.tomcat.TomcatWebServer  : Tomcat initialized with port(s): 0 (http)
2020-09-24 13:47:27.923  INFO 11732 --- [    Test worker] o.apache.catalina.core.StandardService   : Starting service [Tomcat]
2020-09-24 13:47:27.926  INFO 11732 --- [    Test worker] org.apache.catalina.core.StandardEngine  : Starting Servlet engine: [Apache Tomcat/9.0.35]
2020-09-24 13:47:28.459  INFO 11732 --- [    Test worker] o.a.c.c.C.[Tomcat].[localhost].[/]       : Initializing Spring embedded WebApplicationContext
2020-09-24 13:47:28.460  INFO 11732 --- [    Test worker] o.s.web.context.ContextLoader            : Root WebApplicationContext: initialization completed in 7279 ms
2020-09-24 13:47:28.822  INFO 11732 --- [    Test worker] com.zaxxer.hikari.HikariDataSource       : HikariPool-1 - Starting...
2020-09-24 13:47:30.261  INFO 11732 --- [    Test worker] com.zaxxer.hikari.HikariDataSource       : HikariPool-1 - Start completed.
2020-09-24 13:47:30.325  INFO 11732 --- [    Test worker] o.s.b.a.h2.H2ConsoleAutoConfiguration    : H2 console available at '/h2-console'. Database available at 'jdbc:h2:mem:countryDb'
2020-09-24 13:47:31.561  INFO 11732 --- [    Test worker] o.s.s.concurrent.ThreadPoolTaskExecutor  : Initializing ExecutorService 'applicationTaskExecutor'
2020-09-24 13:47:31.986  INFO 11732 --- [         task-1] o.hibernate.jpa.internal.util.LogHelper  : HHH000204: Processing PersistenceUnitInfo [name: default]
2020-09-24 13:47:32.438  INFO 11732 --- [         task-1] org.hibernate.Version                    : HHH000412: Hibernate ORM core version 5.4.15.Final
2020-09-24 13:47:32.565  WARN 11732 --- [    Test worker] JpaBaseConfiguration$JpaWebConfiguration : spring.jpa.open-in-view is enabled by default. Therefore, database queries may be performed during view rendering. Explicitly configure spring.jpa.open-in-view to disable this warning
2020-09-24 13:47:33.711  INFO 11732 --- [         task-1] o.hibernate.annotations.common.Version   : HCANN000001: Hibernate Commons Annotations {5.1.0.Final}
2020-09-24 13:47:34.622  INFO 11732 --- [         task-1] org.hibernate.dialect.Dialect            : HHH000400: Using dialect: org.hibernate.dialect.H2Dialect
2020-09-24 13:47:38.043  INFO 11732 --- [         task-1] o.h.e.t.j.p.i.JtaPlatformInitiator       : HHH000490: Using JtaPlatform implementation: [org.hibernate.engine.transaction.jta.platform.internal.NoJtaPlatform]
2020-09-24 13:47:38.087  INFO 11732 --- [         task-1] j.LocalContainerEntityManagerFactoryBean : Initialized JPA EntityManagerFactory for persistence unit 'default'
2020-09-24 13:47:43.428  INFO 11732 --- [    Test worker] o.a.c.c.C.[Tomcat].[localhost].[/]       : Initializing Spring TestDispatcherServlet ''
2020-09-24 13:47:43.437  INFO 11732 --- [    Test worker] o.s.t.web.servlet.TestDispatcherServlet  : Initializing Servlet ''
2020-09-24 13:47:43.604  INFO 11732 --- [    Test worker] o.s.t.web.servlet.TestDispatcherServlet  : Completed initialization in 166 ms
2020-09-24 13:47:43.928  INFO 11732 --- [    Test worker] o.s.b.w.embedded.tomcat.TomcatWebServer  : Tomcat started on port(s): 60780 (http) with context path ''
2020-09-24 13:47:43.934  INFO 11732 --- [    Test worker] DeferredRepositoryInitializationListener : Triggering deferred initialization of Spring Data repositories…
2020-09-24 13:47:46.517  INFO 11732 --- [    Test worker] DeferredRepositoryInitializationListener : Spring Data repositories initialized!
2020-09-24 13:47:46.585  INFO 11732 --- [    Test worker] c.h.controller.CountriesControllerTests  : Started CountriesControllerTests in 27.596 seconds (JVM running for 35.656)
2020-09-24 13:47:46.956  INFO 11732 --- [    Test worker] o.a.c.c.C.[Tomcat].[localhost].[/]       : Initializing Spring TestDispatcherServlet ''
2020-09-24 13:47:46.958  INFO 11732 --- [    Test worker] o.s.t.web.servlet.TestDispatcherServlet  : Initializing Servlet ''
2020-09-24 13:47:46.985  INFO 11732 --- [    Test worker] o.s.t.web.servlet.TestDispatcherServlet  : Completed initialization in 27 ms
2020-09-24 13:47:48.471  INFO 11732 --- [    Test worker] o.a.c.c.C.[Tomcat].[localhost].[/]       : Initializing Spring TestDispatcherServlet ''
2020-09-24 13:47:48.471  INFO 11732 --- [    Test worker] o.s.t.web.servlet.TestDispatcherServlet  : Initializing Servlet ''
2020-09-24 13:47:48.482  INFO 11732 --- [    Test worker] o.s.t.web.servlet.TestDispatcherServlet  : Completed initialization in 3 ms
2020-09-24 13:47:49.174  INFO 11732 --- [    Test worker] o.a.c.c.C.[Tomcat].[localhost].[/]       : Initializing Spring TestDispatcherServlet ''
2020-09-24 13:47:49.175  INFO 11732 --- [    Test worker] o.s.t.web.servlet.TestDispatcherServlet  : Initializing Servlet ''
2020-09-24 13:47:49.218  INFO 11732 --- [    Test worker] o.s.t.web.servlet.TestDispatcherServlet  : Completed initialization in 43 ms
]]></system-out>
  <system-err><![CDATA[]]></system-err>
</testsuite>
